[debug] > Exec(early(addDefaultCommands), None, None)
[debug] > Exec(addDefaultCommands, None, None)
[debug] > Exec(early(initialize), None, None)
[debug] > Exec(initialize, None, None)
[debug] > Exec(boot, None, None)
[debug] > Exec(writeSbtVersion, None, None)
[debug] > Exec(reload, None, None)
[debug] > Exec(sbtStashOnFailure, None, None)
[debug] > Exec(onFailure loadFailed, None, None)
[debug] > Exec(loadp, None, None)
[info] welcome to sbt 1.5.7 (Amazon.com Inc. Java 1.8.0_362)
[debug]       Load.loadUnit: plugins took 66.955513ms
[debug]       Load.loadUnit: defsScala took 0.286207ms
[debug] [Loading] Scanning directory /home/adgert/.sbt/1.0/plugins
[debug] [Loading] Found non-root projects 
[debug] [Loading] Done in /home/adgert/.sbt/1.0/plugins, returning: ()
[debug] deducing auto plugins based on known facts Set(Atom(sbt.plugins.CorePlugin)) and clauses Clauses(Clause(Atom(sbt.plugins.JvmPlugin),Set(Atom(sbt.plugins.IvyPlugin)))
[debug] Clause(Atom(sbt.ScriptedPlugin),Set(Atom(sbt.plugins.JvmPlugin)))
[debug] Clause(Atom(sbt.plugins.SbtPlugin),Set(Atom(sbt.ScriptedPlugin)))
[debug] Clause(Atom(sbt.plugins.SemanticdbPlugin),Set(Atom(sbt.plugins.JvmPlugin)))
[debug] Clause(Atom(sbt.plugins.JUnitXmlReportPlugin),Set(Atom(sbt.plugins.JvmPlugin)))
[debug] Clause(Atom(sbt.plugins.MiniDependencyTreePlugin),Set(Atom(sbt.plugins.JvmPlugin)))
[debug] Clause(Atom(sbt.plugins.CorePlugin),Set(Atom(sbt.plugins.IvyPlugin)))
[debug] Clause(Atom(sbt.plugins.IvyPlugin),Set(Atom(sbt.plugins.JvmPlugin)))
[debug] Clause(Atom(sbt.plugins.JvmPlugin),Set(Atom(sbt.plugins.SemanticdbPlugin)))
[debug] Clause(Atom(sbt.plugins.JvmPlugin),Set(Atom(sbt.plugins.JUnitXmlReportPlugin)))
[debug] Clause(Atom(sbt.plugins.CorePlugin),Set(Atom(sbt.plugins.Giter8TemplatePlugin)))
[debug] Clause(Atom(sbt.plugins.JvmPlugin),Set(Atom(sbt.plugins.MiniDependencyTreePlugin))))
[debug]   :: deduced result: Matched(sbt.plugins.CorePlugin,sbt.plugins.Giter8TemplatePlugin,sbt.plugins.IvyPlugin,sbt.plugins.JvmPlugin,sbt.plugins.MiniDependencyTreePlugin,sbt.plugins.JUnitXmlReportPlugin,sbt.plugins.SemanticdbPlugin)
[debug] Plugins.deducer#function took 9.489912 ms
[debug]           Load.resolveProject(global-plugins) took 23.260926ms
[debug]         Load.loadTransitive: finalizeProject(Project(id global-plugins, base: /home/adgert/.sbt/1.0/plugins, plugins: List(<none>))) took 109.589393ms
[debug] [Loading] Done in /home/adgert/.sbt/1.0/plugins, returning: (global-plugins)
[debug]       Load.loadUnit: loadedProjectsRaw took 130.085417ms
[debug]       Load.loadUnit: cleanEvalClasses took 0.133509ms
[debug]     Load.loadUnit(file:/home/adgert/.sbt/1.0/plugins/, ...) took 203.370449ms
[debug]   Load.apply: load took 286.854395ms
[debug]   Load.apply: resolveProjects took 3.12563ms
[debug]   Load.apply: finalTransforms took 26.791431ms
[debug]   Load.apply: config.delegates took 3.595267ms
[debug]   Load.apply: Def.make(settings)... took 185.294566ms
[debug]   Load.apply: structureIndex took 56.13924ms
[debug]   Load.apply: mkStreams took 1.038105ms
[info] loading global plugins from /home/adgert/.sbt/1.0/plugins
[debug] Running task... Cancel: Signal, check cycles: false, forcegc: true
[debug] Load.defaultLoad until apply took 1286.857034ms
[debug]           Load.loadUnit: plugins took 6.159335ms
[debug]           Load.loadUnit: defsScala took 0.002712ms
[debug] [Loading] Scanning directory /home/adgert/Desktop/test/MCU_test/project/Template/project
[debug] [Loading] Found non-root projects 
[debug] [Loading] Done in /home/adgert/Desktop/test/MCU_test/project/Template/project, returning: ()
[debug] deducing auto plugins based on known facts Set(Atom(sbt.plugins.CorePlugin)) and clauses Clauses(Clause(Atom(sbt.plugins.JvmPlugin),Set(Atom(sbt.plugins.IvyPlugin)))
[debug] Clause(Atom(sbt.ScriptedPlugin),Set(Atom(sbt.plugins.JvmPlugin)))
[debug] Clause(Atom(sbt.plugins.SbtPlugin),Set(Atom(sbt.ScriptedPlugin)))
[debug] Clause(Atom(sbt.plugins.SemanticdbPlugin),Set(Atom(sbt.plugins.JvmPlugin)))
[debug] Clause(Atom(sbt.plugins.JUnitXmlReportPlugin),Set(Atom(sbt.plugins.JvmPlugin)))
[debug] Clause(Atom(sbt.plugins.MiniDependencyTreePlugin),Set(Atom(sbt.plugins.JvmPlugin)))
[debug] Clause(Atom(sbt.plugins.CorePlugin),Set(Atom(sbt.plugins.IvyPlugin)))
[debug] Clause(Atom(sbt.plugins.IvyPlugin),Set(Atom(sbt.plugins.JvmPlugin)))
[debug] Clause(Atom(sbt.plugins.JvmPlugin),Set(Atom(sbt.plugins.SemanticdbPlugin)))
[debug] Clause(Atom(sbt.plugins.JvmPlugin),Set(Atom(sbt.plugins.JUnitXmlReportPlugin)))
[debug] Clause(Atom(sbt.plugins.CorePlugin),Set(Atom(sbt.plugins.Giter8TemplatePlugin)))
[debug] Clause(Atom(sbt.plugins.JvmPlugin),Set(Atom(sbt.plugins.MiniDependencyTreePlugin))))
[debug]   :: deduced result: Matched(sbt.plugins.CorePlugin,sbt.plugins.Giter8TemplatePlugin,sbt.plugins.IvyPlugin,sbt.plugins.JvmPlugin,sbt.plugins.MiniDependencyTreePlugin,sbt.plugins.JUnitXmlReportPlugin,sbt.plugins.SemanticdbPlugin)
[debug] Plugins.deducer#function took 1.04604 ms
[debug]               Load.resolveProject(template-build) took 0.710435ms
[debug]             Load.loadTransitive: finalizeProject(Project(id template-build, base: /home/adgert/Desktop/test/MCU_test/project/Template/project, plugins: List(<none>))) took 2.188388ms
[debug] [Loading] Done in /home/adgert/Desktop/test/MCU_test/project/Template/project, returning: (template-build)
[debug]           Load.loadUnit: loadedProjectsRaw took 3.167571ms
[debug]           Load.loadUnit: cleanEvalClasses took 0.009203ms
[debug]         Load.loadUnit(file:/home/adgert/Desktop/test/MCU_test/project/Template/project/, ...) took 9.813457ms
[debug]       Load.apply: load took 10.533834ms
[debug]       Load.apply: resolveProjects took 0.083006ms
[debug]       Load.apply: finalTransforms took 3.614651ms
[debug]       Load.apply: config.delegates took 0.213724ms
[debug]       Load.apply: Def.make(settings)... took 43.837201ms
[debug]       Load.apply: structureIndex took 19.288987ms
[debug]       Load.apply: mkStreams took 0.002574ms
[info] loading project definition from /home/adgert/Desktop/test/MCU_test/project/Template/project
[debug] Running task... Cancel: Signal, check cycles: false, forcegc: true
[debug]     Load.loadUnit: plugins took 476.945568ms
[debug]     Load.loadUnit: defsScala took 0.001259ms
[debug] [Loading] Scanning directory /home/adgert/Desktop/test/MCU_test/project/Template
[debug]       Load.loadUnit: mkEval took 4.93809ms
